This is pdfTeX, Version 3.14159265-2.6-1.40.17 (TeX Live 2016) (preloaded format=pdflatex 2016.5.22)  14 DEC 2016 11:03
entering extended mode
 restricted \write18 enabled.
 %&-line parsing enabled.
**portfolio.tex
(./portfolio.tex
LaTeX2e <2016/03/31>
Babel <3.9r> and hyphenation patterns for 83 language(s) loaded.
(./template.cls
Document Class: template 
(/usr/local/texlive/2016/texmf-dist/tex/latex/base/article.cls
Document Class: article 2014/09/29 v1.4h Standard LaTeX document class
(/usr/local/texlive/2016/texmf-dist/tex/latex/base/size10.clo
File: size10.clo 2014/09/29 v1.4h Standard LaTeX file (size option)
)
\c@part=\count79
\c@section=\count80
\c@subsection=\count81
\c@subsubsection=\count82
\c@paragraph=\count83
\c@subparagraph=\count84
\c@figure=\count85
\c@table=\count86
\abovecaptionskip=\skip41
\belowcaptionskip=\skip42
\bibindent=\dimen102
)
(/usr/local/texlive/2016/texmf-dist/tex/latex/mathtools/mathtools.sty
Package: mathtools 2015/11/12 v1.18 mathematical typesetting tools

(/usr/local/texlive/2016/texmf-dist/tex/latex/graphics/keyval.sty
Package: keyval 2014/10/28 v1.15 key=value parser (DPC)
\KV@toks@=\toks14
)
(/usr/local/texlive/2016/texmf-dist/tex/latex/tools/calc.sty
Package: calc 2014/10/28 v4.3 Infix arithmetic (KKT,FJ)
\calc@Acount=\count87
\calc@Bcount=\count88
\calc@Adimen=\dimen103
\calc@Bdimen=\dimen104
\calc@Askip=\skip43
\calc@Bskip=\skip44
LaTeX Info: Redefining \setlength on input line 80.
LaTeX Info: Redefining \addtolength on input line 81.
\calc@Ccount=\count89
\calc@Cskip=\skip45
)
(/usr/local/texlive/2016/texmf-dist/tex/latex/mathtools/mhsetup.sty
Package: mhsetup 2010/01/21 v1.2a programming setup (MH)
)
(/usr/local/texlive/2016/texmf-dist/tex/latex/amsmath/amsmath.sty
Package: amsmath 2016/03/10 v2.15b AMS math features
\@mathmargin=\skip46

For additional information on amsmath, use the `?' option.
(/usr/local/texlive/2016/texmf-dist/tex/latex/amsmath/amstext.sty
Package: amstext 2000/06/29 v2.01 AMS text

(/usr/local/texlive/2016/texmf-dist/tex/latex/amsmath/amsgen.sty
File: amsgen.sty 1999/11/30 v2.0 generic functions
\@emptytoks=\toks15
\ex@=\dimen105
))
(/usr/local/texlive/2016/texmf-dist/tex/latex/amsmath/amsbsy.sty
Package: amsbsy 1999/11/29 v1.2d Bold Symbols
\pmbraise@=\dimen106
)
(/usr/local/texlive/2016/texmf-dist/tex/latex/amsmath/amsopn.sty
Package: amsopn 2016/03/08 v2.02 operator names
)
\inf@bad=\count90
LaTeX Info: Redefining \frac on input line 199.
\uproot@=\count91
\leftroot@=\count92
LaTeX Info: Redefining \overline on input line 297.
\classnum@=\count93
\DOTSCASE@=\count94
LaTeX Info: Redefining \ldots on input line 394.
LaTeX Info: Redefining \dots on input line 397.
LaTeX Info: Redefining \cdots on input line 518.
\Mathstrutbox@=\box26
\strutbox@=\box27
\big@size=\dimen107
LaTeX Font Info:    Redeclaring font encoding OML on input line 634.
LaTeX Font Info:    Redeclaring font encoding OMS on input line 635.
\macc@depth=\count95
\c@MaxMatrixCols=\count96
\dotsspace@=\muskip10
\c@parentequation=\count97
\dspbrk@lvl=\count98
\tag@help=\toks16
\row@=\count99
\column@=\count100
\maxfields@=\count101
\andhelp@=\toks17
\eqnshift@=\dimen108
\alignsep@=\dimen109
\tagshift@=\dimen110
\tagwidth@=\dimen111
\totwidth@=\dimen112
\lineht@=\dimen113
\@envbody=\toks18
\multlinegap=\skip47
\multlinetaggap=\skip48
\mathdisplay@stack=\toks19
LaTeX Info: Redefining \[ on input line 2739.
LaTeX Info: Redefining \] on input line 2740.
)
LaTeX Info: Thecontrolsequence`\('isalreadyrobust on input line 129.
LaTeX Info: Thecontrolsequence`\)'isalreadyrobust on input line 129.
LaTeX Info: Thecontrolsequence`\['isalreadyrobust on input line 129.
LaTeX Info: Thecontrolsequence`\]'isalreadyrobust on input line 129.
\g_MT_multlinerow_int=\count102
\l_MT_multwidth_dim=\dimen114
\origjot=\skip49
\l_MT_shortvdotswithinadjustabove_dim=\dimen115
\l_MT_shortvdotswithinadjustbelow_dim=\dimen116
\l_MT_above_intertext_sep=\dimen117
\l_MT_below_intertext_sep=\dimen118
\l_MT_above_shortintertext_sep=\dimen119
\l_MT_below_shortintertext_sep=\dimen120
)
(/usr/local/texlive/2016/texmf-dist/tex/latex/geometry/geometry.sty
Package: geometry 2010/09/12 v5.6 Page Geometry

(/usr/local/texlive/2016/texmf-dist/tex/generic/oberdiek/ifpdf.sty
Package: ifpdf 2016/05/14 v3.1 Provides the ifpdf switch
)
(/usr/local/texlive/2016/texmf-dist/tex/generic/oberdiek/ifvtex.sty
Package: ifvtex 2016/05/16 v1.6 Detect VTeX and its facilities (HO)
Package ifvtex Info: VTeX not detected.
)
(/usr/local/texlive/2016/texmf-dist/tex/generic/ifxetex/ifxetex.sty
Package: ifxetex 2010/09/12 v0.6 Provides ifxetex conditional
)
\Gm@cnth=\count103
\Gm@cntv=\count104
\c@Gm@tempcnt=\count105
\Gm@bindingoffset=\dimen121
\Gm@wd@mp=\dimen122
\Gm@odd@mp=\dimen123
\Gm@even@mp=\dimen124
\Gm@layoutwidth=\dimen125
\Gm@layoutheight=\dimen126
\Gm@layouthoffset=\dimen127
\Gm@layoutvoffset=\dimen128
\Gm@dimlist=\toks20
)
(/usr/local/texlive/2016/texmf-dist/tex/latex/listings/listings.sty
\lst@mode=\count106
\lst@gtempboxa=\box28
\lst@token=\toks21
\lst@length=\count107
\lst@currlwidth=\dimen129
\lst@column=\count108
\lst@pos=\count109
\lst@lostspace=\dimen130
\lst@width=\dimen131
\lst@newlines=\count110
\lst@lineno=\count111
\lst@maxwidth=\dimen132

(/usr/local/texlive/2016/texmf-dist/tex/latex/listings/lstmisc.sty
File: lstmisc.sty 2015/06/04 1.6 (Carsten Heinz)
\c@lstnumber=\count112
\lst@skipnumbers=\count113
\lst@framebox=\box29
)
(/usr/local/texlive/2016/texmf-dist/tex/latex/listings/listings.cfg
File: listings.cfg 2015/06/04 1.6 listings configuration
))
Package: listings 2015/06/04 1.6 (Carsten Heinz)

(/usr/local/texlive/2016/texmf-dist/tex/latex/quoting/quoting.sty
Package: quoting 2014/01/28 v0.1c Consolidated environment for displayed text

(/usr/local/texlive/2016/texmf-dist/tex/latex/etoolbox/etoolbox.sty
Package: etoolbox 2015/08/02 v2.2a e-TeX tools for LaTeX (JAW)
\etb@tempcnta=\count114
)
(/usr/local/texlive/2016/texmf-dist/tex/latex/oberdiek/kvoptions.sty
Package: kvoptions 2016/05/16 v3.12 Key value format for package options (HO)

(/usr/local/texlive/2016/texmf-dist/tex/generic/oberdiek/ltxcmds.sty
Package: ltxcmds 2016/05/16 v1.23 LaTeX kernel commands for general use (HO)
)
(/usr/local/texlive/2016/texmf-dist/tex/generic/oberdiek/kvsetkeys.sty
Package: kvsetkeys 2016/05/16 v1.17 Key value parser (HO)

(/usr/local/texlive/2016/texmf-dist/tex/generic/oberdiek/infwarerr.sty
Package: infwarerr 2016/05/16 v1.4 Providing info/warning/error messages (HO)
)
(/usr/local/texlive/2016/texmf-dist/tex/generic/oberdiek/etexcmds.sty
Package: etexcmds 2016/05/16 v1.6 Avoid name clashes with e-TeX commands (HO)

(/usr/local/texlive/2016/texmf-dist/tex/generic/oberdiek/ifluatex.sty
Package: ifluatex 2016/05/16 v1.4 Provides the ifluatex switch (HO)
Package ifluatex Info: LuaTeX not detected.
)
Package etexcmds Info: Could not find \expanded.
(etexcmds)             That can mean that you are not using pdfTeX 1.50 or
(etexcmds)             that some package has redefined \expanded.
(etexcmds)             In the latter case, load this package earlier.
)))
\quo@toppartop=\skip50
)
(/usr/local/texlive/2016/texmf-dist/tex/latex/mdframed/mdframed.sty
Package: mdframed 2013/07/01 1.9b: mdframed

(/usr/local/texlive/2016/texmf-dist/tex/latex/l3packages/xparse/xparse.sty
(/usr/local/texlive/2016/texmf-dist/tex/latex/l3kernel/expl3.sty
Package: expl3 2016/05/18 v6512 L3 programming layer (loader) 

(/usr/local/texlive/2016/texmf-dist/tex/latex/l3kernel/expl3-code.tex
Package: expl3 2016/05/18 v6512 L3 programming layer (code)
L3 Module: l3bootstrap 2016/02/12 v6412 L3 Bootstrap code
L3 Module: l3names 2016/03/11 v6433 L3 Namespace for primitives
L3 Module: l3basics 2015/11/22 v6315 L3 Basic definitions
L3 Module: l3expan 2015/09/10 v5983 L3 Argument expansion
L3 Module: l3tl 2016/03/26 v6465 L3 Token lists
L3 Module: l3str 2016/03/24 v6441 L3 Strings
L3 Module: l3seq 2015/08/05 v5777 L3 Sequences and stacks
L3 Module: l3int 2016/03/24 v6441 L3 Integers
\c_max_int=\count115
\l_tmpa_int=\count116
\l_tmpb_int=\count117
\g_tmpa_int=\count118
\g_tmpb_int=\count119
L3 Module: l3quark 2015/08/17 v5855 L3 Quarks
L3 Module: l3prg 2015/11/01 v6216 L3 Control structures
\g__prg_map_int=\count120
L3 Module: l3clist 2015/09/02 v5901 L3 Comma separated lists
L3 Module: l3token 2016/04/03 v6470 L3 Experimental token manipulation
L3 Module: l3prop 2016/01/05 v6366 L3 Property lists
L3 Module: l3msg 2016/03/26 v6464 L3 Messages
L3 Module: l3file 2016/03/25 v6458 L3 File and I/O operations
\l_iow_line_count_int=\count121
\l__iow_target_count_int=\count122
\l__iow_current_line_int=\count123
\l__iow_current_word_int=\count124
\l__iow_current_indentation_int=\count125
L3 Module: l3skip 2016/01/05 v6366 L3 Dimensions and skips
\c_zero_dim=\dimen133
\c_max_dim=\dimen134
\l_tmpa_dim=\dimen135
\l_tmpb_dim=\dimen136
\g_tmpa_dim=\dimen137
\g_tmpb_dim=\dimen138
\c_zero_skip=\skip51
\c_max_skip=\skip52
\l_tmpa_skip=\skip53
\l_tmpb_skip=\skip54
\g_tmpa_skip=\skip55
\g_tmpb_skip=\skip56
\c_zero_muskip=\muskip11
\c_max_muskip=\muskip12
\l_tmpa_muskip=\muskip13
\l_tmpb_muskip=\muskip14
\g_tmpa_muskip=\muskip15
\g_tmpb_muskip=\muskip16
L3 Module: l3keys 2015/11/17 v6284 L3 Key-value interfaces
\g__keyval_level_int=\count126
\l_keys_choice_int=\count127
L3 Module: l3fp 2016/03/26 v6465 L3 Floating points
\c__fp_leading_shift_int=\count128
\c__fp_middle_shift_int=\count129
\c__fp_trailing_shift_int=\count130
\c__fp_big_leading_shift_int=\count131
\c__fp_big_middle_shift_int=\count132
\c__fp_big_trailing_shift_int=\count133
\c__fp_Bigg_leading_shift_int=\count134
\c__fp_Bigg_middle_shift_int=\count135
\c__fp_Bigg_trailing_shift_int=\count136
L3 Module: l3box 2015/08/09 v5822 L3 Experimental boxes
\c_empty_box=\box30
\l_tmpa_box=\box31
\l_tmpb_box=\box32
\g_tmpa_box=\box33
\g_tmpb_box=\box34
L3 Module: l3coffins 2016/05/17 v6508 L3 Coffin code layer
\l__coffin_internal_box=\box35
\l__coffin_internal_dim=\dimen139
\l__coffin_offset_x_dim=\dimen140
\l__coffin_offset_y_dim=\dimen141
\l__coffin_x_dim=\dimen142
\l__coffin_y_dim=\dimen143
\l__coffin_x_prime_dim=\dimen144
\l__coffin_y_prime_dim=\dimen145
\c_empty_coffin=\box36
\l__coffin_aligned_coffin=\box37
\l__coffin_aligned_internal_coffin=\box38
\l_tmpa_coffin=\box39
\l_tmpb_coffin=\box40
\l__coffin_display_coffin=\box41
\l__coffin_display_coord_coffin=\box42
\l__coffin_display_pole_coffin=\box43
\l__coffin_display_offset_dim=\dimen146
\l__coffin_display_x_dim=\dimen147
\l__coffin_display_y_dim=\dimen148
L3 Module: l3color 2014/08/23 v5354 L3 Experimental color support
L3 Module: l3sys 2015/09/25 v6087 L3 Experimental system/runtime functions
L3 Module: l3candidates 2016/05/13 v6484 L3 Experimental additions to l3kernel
\l__box_top_dim=\dimen149
\l__box_bottom_dim=\dimen150
\l__box_left_dim=\dimen151
\l__box_right_dim=\dimen152
\l__box_top_new_dim=\dimen153
\l__box_bottom_new_dim=\dimen154
\l__box_left_new_dim=\dimen155
\l__box_right_new_dim=\dimen156
\l__box_internal_box=\box44
\l__coffin_bounding_shift_dim=\dimen157
\l__coffin_left_corner_dim=\dimen158
\l__coffin_right_corner_dim=\dimen159
\l__coffin_bottom_corner_dim=\dimen160
\l__coffin_top_corner_dim=\dimen161
\l__coffin_scaled_total_height_dim=\dimen162
\l__coffin_scaled_width_dim=\dimen163
L3 Module: l3luatex 2016/03/26 v6465 L3 Experimental LuaTeX-specific functions
)
(/usr/local/texlive/2016/texmf-dist/tex/latex/l3kernel/l3pdfmode.def
File: l3pdfmode.def 2016/03/26 v6465 L3 Experimental driver: PDF mode
\l__driver_color_stack_int=\count137
\l__driver_tmp_box=\box45
))
Package: xparse 2016/05/18 v6512 L3 Experimental document command parser
\l__xparse_current_arg_int=\count138
\l__xparse_m_args_int=\count139
\l__xparse_mandatory_args_int=\count140
\l__xparse_processor_int=\count141
\l__xparse_v_nesting_int=\count142
)
(/usr/local/texlive/2016/texmf-dist/tex/latex/oberdiek/zref-abspage.sty
Package: zref-abspage 2016/05/16 v2.25 Module abspage for zref (HO)

(/usr/local/texlive/2016/texmf-dist/tex/latex/oberdiek/zref-base.sty
Package: zref-base 2016/05/16 v2.25 Module base for zref (HO)

(/usr/local/texlive/2016/texmf-dist/tex/generic/oberdiek/kvdefinekeys.sty
Package: kvdefinekeys 2016/05/16 v1.4 Define keys (HO)
)
(/usr/local/texlive/2016/texmf-dist/tex/generic/oberdiek/pdftexcmds.sty
Package: pdftexcmds 2016/05/10 v0.21 Utility functions of pdfTeX for LuaTeX (HO
)
Package pdftexcmds Info: LuaTeX not detected.
Package pdftexcmds Info: \pdf@primitive is available.
Package pdftexcmds Info: \pdf@ifprimitive is available.
Package pdftexcmds Info: \pdfdraftmode found.
)
(/usr/local/texlive/2016/texmf-dist/tex/latex/oberdiek/auxhook.sty
Package: auxhook 2016/05/16 v1.4 Hooks for auxiliary files (HO)
)
Package zref Info: New property list: main on input line 759.
Package zref Info: New property: default on input line 760.
Package zref Info: New property: page on input line 761.
)
(/usr/local/texlive/2016/texmf-dist/tex/generic/oberdiek/atbegshi.sty
Package: atbegshi 2016/05/16 v1.17 At begin shipout hook (HO)
)
\c@abspage=\count143
Package zref Info: New property: abspage on input line 62.
)
(/usr/local/texlive/2016/texmf-dist/tex/latex/needspace/needspace.sty
Package: needspace 2010/09/12 v1.3d reserve vertical space
)
(/usr/local/texlive/2016/texmf-dist/tex/latex/graphics/color.sty
Package: color 2016/05/09 v1.1c Standard LaTeX Color (DPC)

(/usr/local/texlive/2016/texmf-dist/tex/latex/graphics-cfg/color.cfg
File: color.cfg 2016/01/02 v1.6 sample color configuration
)
Package color Info: Driver file: pdftex.def on input line 144.

(/usr/local/texlive/2016/texmf-dist/tex/latex/pdftex-def/pdftex.def
File: pdftex.def 2011/05/27 v0.06d Graphics/color for pdfTeX
\Gread@gobject=\count144
))
\mdf@templength=\skip57
\c@mdf@globalstyle@cnt=\count145
\mdf@skipabove@length=\skip58
\mdf@skipbelow@length=\skip59
\mdf@leftmargin@length=\skip60
\mdf@rightmargin@length=\skip61
\mdf@innerleftmargin@length=\skip62
\mdf@innerrightmargin@length=\skip63
\mdf@innertopmargin@length=\skip64
\mdf@innerbottommargin@length=\skip65
\mdf@splittopskip@length=\skip66
\mdf@splitbottomskip@length=\skip67
\mdf@outermargin@length=\skip68
\mdf@innermargin@length=\skip69
\mdf@linewidth@length=\skip70
\mdf@innerlinewidth@length=\skip71
\mdf@middlelinewidth@length=\skip72
\mdf@outerlinewidth@length=\skip73
\mdf@roundcorner@length=\skip74
\mdf@footenotedistance@length=\skip75
\mdf@userdefinedwidth@length=\skip76
\mdf@needspace@length=\skip77
\mdf@frametitleaboveskip@length=\skip78
\mdf@frametitlebelowskip@length=\skip79
\mdf@frametitlerulewidth@length=\skip80
\mdf@frametitleleftmargin@length=\skip81
\mdf@frametitlerightmargin@length=\skip82
\mdf@shadowsize@length=\skip83
\mdf@extratopheight@length=\skip84
\mdf@subtitleabovelinewidth@length=\skip85
\mdf@subtitlebelowlinewidth@length=\skip86
\mdf@subtitleaboveskip@length=\skip87
\mdf@subtitlebelowskip@length=\skip88
\mdf@subtitleinneraboveskip@length=\skip89
\mdf@subtitleinnerbelowskip@length=\skip90
\mdf@subsubtitleabovelinewidth@length=\skip91
\mdf@subsubtitlebelowlinewidth@length=\skip92
\mdf@subsubtitleaboveskip@length=\skip93
\mdf@subsubtitlebelowskip@length=\skip94
\mdf@subsubtitleinneraboveskip@length=\skip95
\mdf@subsubtitleinnerbelowskip@length=\skip96

(/usr/local/texlive/2016/texmf-dist/tex/latex/mdframed/md-frame-0.mdf
File: md-frame-0.mdf 2013/07/01\ 1.9b: md-frame-0
)
\mdf@frametitlebox=\box46
\mdf@footnotebox=\box47
\mdf@splitbox@one=\box48
\mdf@splitbox@two=\box49
\mdf@splitbox@save=\box50
\mdfsplitboxwidth=\skip97
\mdfsplitboxtotalwidth=\skip98
\mdfsplitboxheight=\skip99
\mdfsplitboxdepth=\skip100
\mdfsplitboxtotalheight=\skip101
\mdfframetitleboxwidth=\skip102
\mdfframetitleboxtotalwidth=\skip103
\mdfframetitleboxheight=\skip104
\mdfframetitleboxdepth=\skip105
\mdfframetitleboxtotalheight=\skip106
\mdffootnoteboxwidth=\skip107
\mdffootnoteboxtotalwidth=\skip108
\mdffootnoteboxheight=\skip109
\mdffootnoteboxdepth=\skip110
\mdffootnoteboxtotalheight=\skip111
\mdftotallinewidth=\skip112
\mdfboundingboxwidth=\skip113
\mdfboundingboxtotalwidth=\skip114
\mdfboundingboxheight=\skip115
\mdfboundingboxdepth=\skip116
\mdfboundingboxtotalheight=\skip117
\mdf@freevspace@length=\skip118
\mdf@horizontalwidthofbox@length=\skip119
\mdf@verticalmarginwhole@length=\skip120
\mdf@horizontalspaceofbox=\skip121
\mdfsubtitleheight=\skip122
\mdfsubsubtitleheight=\skip123
\c@mdfcountframes=\count146

****** mdframed patching \endmdf@trivlist

****** -- success******

.................................................
. LaTeX info: "xparse/define-command"
. 
. Defining command \newmdtheoremenv with sig. 'O{} m o m o ' on line 601.
.................................................
.................................................
. LaTeX info: "xparse/define-command"
. 
. Defining command \mdtheorem with sig. ' O{} m o m o ' on line 701.
.................................................
\mdf@envdepth=\count147
\c@mdf@env@i=\count148
\c@mdf@env@ii=\count149
\c@mdf@zref@counter=\count150
Package zref Info: New property: mdf@pagevalue on input line 895.
)
(/usr/local/texlive/2016/texmf-dist/tex/latex/graphics/graphicx.sty
Package: graphicx 2014/10/28 v1.0g Enhanced LaTeX Graphics (DPC,SPQR)

(/usr/local/texlive/2016/texmf-dist/tex/latex/graphics/graphics.sty
Package: graphics 2016/05/09 v1.0r Standard LaTeX Graphics (DPC,SPQR)

(/usr/local/texlive/2016/texmf-dist/tex/latex/graphics/trig.sty
Package: trig 2016/01/03 v1.10 sin cos tan (DPC)
)
(/usr/local/texlive/2016/texmf-dist/tex/latex/graphics-cfg/graphics.cfg
File: graphics.cfg 2016/01/02 v1.10 sample graphics configuration
)
Package graphics Info: Driver file: pdftex.def on input line 96.
)
\Gin@req@height=\dimen164
\Gin@req@width=\dimen165
)
(/usr/local/texlive/2016/texmf-dist/tex/latex/xcolor/xcolor.sty
Package: xcolor 2016/05/11 v2.12 LaTeX color extensions (UK)

(/usr/local/texlive/2016/texmf-dist/tex/latex/graphics-cfg/color.cfg
File: color.cfg 2016/01/02 v1.6 sample color configuration
)
Package xcolor Info: Driver file: pdftex.def on input line 225.
LaTeX Info: Redefining \color on input line 709.
Package xcolor Info: Model `cmy' substituted by `cmy0' on input line 1348.
Package xcolor Info: Model `hsb' substituted by `rgb' on input line 1352.
Package xcolor Info: Model `RGB' extended on input line 1364.
Package xcolor Info: Model `HTML' substituted by `rgb' on input line 1366.
Package xcolor Info: Model `Hsb' substituted by `hsb' on input line 1367.
Package xcolor Info: Model `tHsb' substituted by `hsb' on input line 1368.
Package xcolor Info: Model `HSB' substituted by `hsb' on input line 1369.
Package xcolor Info: Model `Gray' substituted by `gray' on input line 1370.
Package xcolor Info: Model `wave' substituted by `hsb' on input line 1371.
)
(/usr/local/texlive/2016/texmf-dist/tex/latex/hyperref/hyperref.sty
Package: hyperref 2016/05/05 v6.83n Hypertext links for LaTeX

(/usr/local/texlive/2016/texmf-dist/tex/generic/oberdiek/hobsub-hyperref.sty
Package: hobsub-hyperref 2016/05/16 v1.14 Bundle oberdiek, subset hyperref (HO)


(/usr/local/texlive/2016/texmf-dist/tex/generic/oberdiek/hobsub-generic.sty
Package: hobsub-generic 2016/05/16 v1.14 Bundle oberdiek, subset generic (HO)
Package: hobsub 2016/05/16 v1.14 Construct package bundles (HO)
Package hobsub Info: Skipping package `infwarerr' (already loaded).
Package hobsub Info: Skipping package `ltxcmds' (already loaded).
Package hobsub Info: Skipping package `ifluatex' (already loaded).
Package hobsub Info: Skipping package `ifvtex' (already loaded).
Package: intcalc 2016/05/16 v1.2 Expandable calculations with integers (HO)
Package hobsub Info: Skipping package `ifpdf' (already loaded).
Package hobsub Info: Skipping package `etexcmds' (already loaded).
Package hobsub Info: Skipping package `kvsetkeys' (already loaded).
Package hobsub Info: Skipping package `kvdefinekeys' (already loaded).
Package hobsub Info: Skipping package `pdftexcmds' (already loaded).
Package: pdfescape 2016/05/16 v1.14 Implements pdfTeX's escape features (HO)
Package: bigintcalc 2016/05/16 v1.4 Expandable calculations on big integers (HO
)
Package: bitset 2016/05/16 v1.2 Handle bit-vector datatype (HO)
Package: uniquecounter 2016/05/16 v1.3 Provide unlimited unique counter (HO)
)
Package hobsub Info: Skipping package `hobsub' (already loaded).
Package: letltxmacro 2016/05/16 v1.5 Let assignment for LaTeX macros (HO)
Package: hopatch 2016/05/16 v1.3 Wrapper for package hooks (HO)
Package: xcolor-patch 2016/05/16 xcolor patch
Package: atveryend 2016/05/16 v1.9 Hooks at the very end of document (HO)
Package hobsub Info: Skipping package `atbegshi' (already loaded).
Package: refcount 2016/05/16 v3.5 Data extraction from label references (HO)
Package: hycolor 2016/05/16 v1.8 Color options for hyperref/bookmark (HO)
)
\@linkdim=\dimen166
\Hy@linkcounter=\count151
\Hy@pagecounter=\count152

(/usr/local/texlive/2016/texmf-dist/tex/latex/hyperref/pd1enc.def
File: pd1enc.def 2016/05/05 v6.83n Hyperref: PDFDocEncoding definition (HO)
)
\Hy@SavedSpaceFactor=\count153

(/usr/local/texlive/2016/texmf-dist/tex/latex/latexconfig/hyperref.cfg
File: hyperref.cfg 2002/06/06 v1.2 hyperref configuration of TeXLive
)
Package hyperref Info: Hyper figures OFF on input line 4446.
Package hyperref Info: Link nesting OFF on input line 4451.
Package hyperref Info: Hyper index ON on input line 4454.
Package hyperref Info: Plain pages OFF on input line 4461.
Package hyperref Info: Backreferencing OFF on input line 4466.
Package hyperref Info: Implicit mode ON; LaTeX internals redefined.
Package hyperref Info: Bookmarks ON on input line 4691.
\c@Hy@tempcnt=\count154

(/usr/local/texlive/2016/texmf-dist/tex/latex/url/url.sty
\Urlmuskip=\muskip17
Package: url 2013/09/16  ver 3.4  Verb mode for urls, etc.
)
LaTeX Info: Redefining \url on input line 5044.
\XeTeXLinkMargin=\dimen167
\Fld@menulength=\count155
\Field@Width=\dimen168
\Fld@charsize=\dimen169
Package hyperref Info: Hyper figures OFF on input line 6298.
Package hyperref Info: Link nesting OFF on input line 6303.
Package hyperref Info: Hyper index ON on input line 6306.
Package hyperref Info: backreferencing OFF on input line 6313.
Package hyperref Info: Link coloring OFF on input line 6318.
Package hyperref Info: Link coloring with OCG OFF on input line 6323.
Package hyperref Info: PDF/A mode OFF on input line 6328.
LaTeX Info: Redefining \ref on input line 6368.
LaTeX Info: Redefining \pageref on input line 6372.
\Hy@abspage=\count156
\c@Item=\count157
\c@Hfootnote=\count158
)

Package hyperref Message: Driver (autodetected): hpdftex.

(/usr/local/texlive/2016/texmf-dist/tex/latex/hyperref/hpdftex.def
File: hpdftex.def 2016/05/05 v6.83n Hyperref driver for pdfTeX
\HyAnn@Count=\count159
\Fld@listcount=\count160
\c@bookmark@seq@number=\count161

(/usr/local/texlive/2016/texmf-dist/tex/latex/oberdiek/rerunfilecheck.sty
Package: rerunfilecheck 2016/05/16 v1.8 Rerun checks for auxiliary files (HO)
Package uniquecounter Info: New unique counter `rerunfilecheck' on input line 2
82.
)
\Hy@SectionHShift=\skip124
)
(/usr/local/texlive/2016/texmf-dist/tex/latex/oberdiek/hypcap.sty
Package: hypcap 2016/05/16 v1.12 Adjusting the anchors of captions (HO)
)
(/usr/local/texlive/2016/texmf-dist/tex/latex/seqsplit/seqsplit.sty
Package: seqsplit 2006/08/07 v0.1 Splitting long sequences (DNA, RNA, proteins,
 etc.) 
)
(/usr/local/texlive/2016/texmf-dist/tex/latex/tools/tabularx.sty
Package: tabularx 2016/02/03 v2.11 `tabularx' package (DPC)

(/usr/local/texlive/2016/texmf-dist/tex/latex/tools/array.sty
Package: array 2014/10/28 v2.4c Tabular extension package (FMi)
\col@sep=\dimen170
\extrarowheight=\dimen171
\NC@list=\toks22
\extratabsurround=\skip125
\backup@length=\skip126
)
\TX@col@width=\dimen172
\TX@old@table=\dimen173
\TX@old@col=\dimen174
\TX@target=\dimen175
\TX@delta=\dimen176
\TX@cols=\count162
\TX@ftn=\toks23
)

Package hyperref Warning: Option `pdftex' has already been used,
(hyperref)                setting the option has no effect on input line 19.

(/usr/local/texlive/2016/texmf-dist/tex/latex/listings/lstlang1.sty
File: lstlang1.sty 2015/06/04 1.6 listings language file
)
(/usr/local/texlive/2016/texmf-dist/tex/latex/listings/lstlang1.sty
File: lstlang1.sty 2015/06/04 1.6 listings language file
)
(/usr/local/texlive/2016/texmf-dist/tex/latex/listings/lstmisc.sty
File: lstmisc.sty 2015/06/04 1.6 (Carsten Heinz)
))
(/usr/local/texlive/2016/texmf-dist/tex/latex/pdfpages/pdfpages.sty
Package: pdfpages 2016/04/19 v0.5f Insert pages of external PDF documents (AM)

(/usr/local/texlive/2016/texmf-dist/tex/latex/base/ifthen.sty
Package: ifthen 2014/09/29 v1.1c Standard LaTeX ifthen package (DPC)
)
(/usr/local/texlive/2016/texmf-dist/tex/latex/eso-pic/eso-pic.sty
Package: eso-pic 2015/07/21 v2.0g eso-pic (RN)
)
\AM@pagewidth=\dimen177
\AM@pageheight=\dimen178

(/usr/local/texlive/2016/texmf-dist/tex/latex/pdfpages/pppdftex.def
File: pppdftex.def 2016/04/19 v0.5f Pdfpages driver for pdfTeX (AM)
)
\AM@pagebox=\box51
\AM@global@opts=\toks24
\AM@toc@title=\toks25
\c@AM@survey=\count163
\AM@templatesizebox=\box52
)
(/usr/local/texlive/2016/texmf-dist/tex/latex/setspace/setspace.sty
Package: setspace 2011/12/19 v6.7a set line spacing
)
(./portfolio.aux)
\openout1 = `portfolio.aux'.

LaTeX Font Info:    Checking defaults for OML/cmm/m/it on input line 11.
LaTeX Font Info:    ... okay on input line 11.
LaTeX Font Info:    Checking defaults for T1/cmr/m/n on input line 11.
LaTeX Font Info:    ... okay on input line 11.
LaTeX Font Info:    Checking defaults for OT1/cmr/m/n on input line 11.
LaTeX Font Info:    ... okay on input line 11.
LaTeX Font Info:    Checking defaults for OMS/cmsy/m/n on input line 11.
LaTeX Font Info:    ... okay on input line 11.
LaTeX Font Info:    Checking defaults for OMX/cmex/m/n on input line 11.
LaTeX Font Info:    ... okay on input line 11.
LaTeX Font Info:    Checking defaults for U/cmr/m/n on input line 11.
LaTeX Font Info:    ... okay on input line 11.
LaTeX Font Info:    Checking defaults for PD1/pdf/m/n on input line 11.
LaTeX Font Info:    ... okay on input line 11.

*geometry* driver: auto-detecting
*geometry* detected driver: pdftex
*geometry* verbose mode - [ preamble ] result:
* driver: pdftex
* paper: <default>
* layout: <same size as paper>
* layoutoffset:(h,v)=(0.0pt,0.0pt)
* modes: 
* h-part:(L,W,R)=(72.26999pt, 469.75502pt, 72.26999pt)
* v-part:(T,H,B)=(72.26999pt, 650.43001pt, 72.26999pt)
* \paperwidth=614.295pt
* \paperheight=794.96999pt
* \textwidth=469.75502pt
* \textheight=650.43001pt
* \oddsidemargin=0.0pt
* \evensidemargin=0.0pt
* \topmargin=-37.0pt
* \headheight=12.0pt
* \headsep=25.0pt
* \topskip=10.0pt
* \footskip=30.0pt
* \marginparwidth=65.0pt
* \marginparsep=11.0pt
* \columnsep=10.0pt
* \skip\footins=9.0pt plus 4.0pt minus 2.0pt
* \hoffset=0.0pt
* \voffset=0.0pt
* \mag=1000
* \@twocolumnfalse
* \@twosidefalse
* \@mparswitchfalse
* \@reversemarginfalse
* (1in=72.27pt=25.4mm, 1cm=28.453pt)

\c@lstlisting=\count164
\AtBeginShipoutBox=\box53
(/usr/local/texlive/2016/texmf-dist/tex/context/base/mkii/supp-pdf.mkii
[Loading MPS to PDF converter (version 2006.09.02).]
\scratchcounter=\count165
\scratchdimen=\dimen179
\scratchbox=\box54
\nofMPsegments=\count166
\nofMParguments=\count167
\everyMPshowfont=\toks26
\MPscratchCnt=\count168
\MPscratchDim=\dimen180
\MPnumerator=\count169
\makeMPintoPDFobject=\count170
\everyMPtoPDFconversion=\toks27
) (/usr/local/texlive/2016/texmf-dist/tex/latex/oberdiek/epstopdf-base.sty
Package: epstopdf-base 2016/05/15 v2.6 Base part for package epstopdf

(/usr/local/texlive/2016/texmf-dist/tex/latex/oberdiek/grfext.sty
Package: grfext 2016/05/16 v1.2 Manage graphics extensions (HO)
)
Package grfext Info: Graphics extension search list:
(grfext)             [.png,.pdf,.jpg,.mps,.jpeg,.jbig2,.jb2,.PNG,.PDF,.JPG,.JPE
G,.JBIG2,.JB2,.eps]
(grfext)             \AppendGraphicsExtensions on input line 456.

(/usr/local/texlive/2016/texmf-dist/tex/latex/latexconfig/epstopdf-sys.cfg
File: epstopdf-sys.cfg 2010/07/13 v1.3 Configuration of (r)epstopdf for TeX Liv
e
))
Package hyperref Info: Link coloring OFF on input line 11.

(/usr/local/texlive/2016/texmf-dist/tex/latex/hyperref/nameref.sty
Package: nameref 2012/10/27 v2.43 Cross-referencing by name of section

(/usr/local/texlive/2016/texmf-dist/tex/generic/oberdiek/gettitlestring.sty
Package: gettitlestring 2016/05/16 v1.5 Cleanup title references (HO)
)
\c@section@level=\count171
)
LaTeX Info: Redefining \ref on input line 11.
LaTeX Info: Redefining \pageref on input line 11.
LaTeX Info: Redefining \nameref on input line 11.

(./portfolio.out) (./portfolio.out)
\@outlinefile=\write3
\openout3 = `portfolio.out'.


(/usr/local/texlive/2016/texmf-dist/tex/latex/oberdiek/pdflscape.sty
Package: pdflscape 2016/05/14 v0.11 Display of landscape pages in PDF (HO)

(/usr/local/texlive/2016/texmf-dist/tex/latex/graphics/lscape.sty
Package: lscape 2000/10/22 v3.01 Landscape Pages (DPC)
)
Package pdflscape Info: Auto-detected driver: pdftex on input line 81.
) [1

{/usr/local/texlive/2016/texmf-var/fonts/map/pdftex/updmap/pdftex.map}] (./port
folio.toc)
\tf@toc=\write4
\openout4 = `portfolio.toc'.

 [2]
LaTeX Font Info:    Try loading font information for OMS+cmr on input line 23.
 (/usr/local/texlive/2016/texmf-dist/tex/latex/base/omscmr.fd
File: omscmr.fd 2014/09/29 v2.5h Standard LaTeX font definitions
)
LaTeX Font Info:    Font shape `OMS/cmr/m/n' in size <10> not available
(Font)              Font shape `OMS/cmsy/m/n' tried instead on input line 23.
 [3]
<../paper/paper.pdf, id=66, 614.295pt x 794.97pt>
File: ../paper/paper.pdf Graphic file (type pdf)
 <use ../paper/paper.pdf>
Package pdftex.def Info: ../paper/paper.pdf used on input line 54.
(pdftex.def)             Requested size: 614.29349pt x 794.96806pt.
File: ../paper/paper.pdf Graphic file (type pdf)

<use ../paper/paper.pdf>
Package pdftex.def Info: ../paper/paper.pdf used on input line 54.
(pdftex.def)             Requested size: 614.29349pt x 794.96806pt.

<../paper/paper.pdf, id=69, page=1, 614.295pt x 794.97pt>
File: ../paper/paper.pdf Graphic file (type pdf)

<use ../paper/paper.pdf, page 1>
Package pdftex.def Info: ../paper/paper.pdf, page1 used on input line 54.
(pdftex.def)             Requested size: 614.29349pt x 794.96806pt.
File: ../paper/paper.pdf Graphic file (type pdf)
 <use ../paper/paper.pdf, page 1>
Package pdftex.def Info: ../paper/paper.pdf, page1 used on input line 54.
(pdftex.def)             Requested size: 614.58406pt x 795.3441pt.
File: ../paper/paper.pdf Graphic file (type pdf)

<use ../paper/paper.pdf, page 1>
Package pdftex.def Info: ../paper/paper.pdf, page1 used on input line 54.
(pdftex.def)             Requested size: 614.58406pt x 795.3441pt.
File: ../paper/paper.pdf Graphic file (type pdf)
 <use ../paper/paper.pdf, page 1>
Package pdftex.def Info: ../paper/paper.pdf, page1 used on input line 54.
(pdftex.def)             Requested size: 614.58406pt x 795.3441pt.
File: ../paper/paper.pdf Graphic file (type pdf)

<use ../paper/paper.pdf, page 1>
Package pdftex.def Info: ../paper/paper.pdf, page1 used on input line 54.
(pdftex.def)             Requested size: 614.58406pt x 795.3441pt.
 [4 <../paper/paper.pdf>]
<../paper/paper.pdf, id=95, page=2, 614.295pt x 794.97pt>
File: ../paper/paper.pdf Graphic file (type pdf)

<use ../paper/paper.pdf, page 2>
Package pdftex.def Info: ../paper/paper.pdf, page2 used on input line 54.
(pdftex.def)             Requested size: 614.58406pt x 795.3441pt.
File: ../paper/paper.pdf Graphic file (type pdf)
 <use ../paper/paper.pdf, page 2>
Package pdftex.def Info: ../paper/paper.pdf, page2 used on input line 54.
(pdftex.def)             Requested size: 614.58406pt x 795.3441pt.
File: ../paper/paper.pdf Graphic file (type pdf)

<use ../paper/paper.pdf, page 2>
Package pdftex.def Info: ../paper/paper.pdf, page2 used on input line 54.
(pdftex.def)             Requested size: 614.58406pt x 795.3441pt.
 [5 <../paper/paper.pdf>]
<../paper/paper.pdf, id=110, page=3, 614.295pt x 794.97pt>
File: ../paper/paper.pdf Graphic file (type pdf)

<use ../paper/paper.pdf, page 3>
Package pdftex.def Info: ../paper/paper.pdf, page3 used on input line 54.
(pdftex.def)             Requested size: 614.58406pt x 795.3441pt.
File: ../paper/paper.pdf Graphic file (type pdf)
 <use ../paper/paper.pdf, page 3>
Package pdftex.def Info: ../paper/paper.pdf, page3 used on input line 54.
(pdftex.def)             Requested size: 614.58406pt x 795.3441pt.
File: ../paper/paper.pdf Graphic file (type pdf)

<use ../paper/paper.pdf, page 3>
Package pdftex.def Info: ../paper/paper.pdf, page3 used on input line 54.
(pdftex.def)             Requested size: 614.58406pt x 795.3441pt.
 [6 <../paper/paper.pdf>]
<../paper/paper.pdf, id=115, page=4, 614.295pt x 794.97pt>
File: ../paper/paper.pdf Graphic file (type pdf)

<use ../paper/paper.pdf, page 4>
Package pdftex.def Info: ../paper/paper.pdf, page4 used on input line 54.
(pdftex.def)             Requested size: 614.58406pt x 795.3441pt.
File: ../paper/paper.pdf Graphic file (type pdf)
 <use ../paper/paper.pdf, page 4>
Package pdftex.def Info: ../paper/paper.pdf, page4 used on input line 54.
(pdftex.def)             Requested size: 614.58406pt x 795.3441pt.
File: ../paper/paper.pdf Graphic file (type pdf)

<use ../paper/paper.pdf, page 4>
Package pdftex.def Info: ../paper/paper.pdf, page4 used on input line 54.
(pdftex.def)             Requested size: 614.58406pt x 795.3441pt.
 [7 <../paper/paper.pdf>]
<../paper/paper.pdf, id=141, page=5, 614.295pt x 794.97pt>
File: ../paper/paper.pdf Graphic file (type pdf)

<use ../paper/paper.pdf, page 5>
Package pdftex.def Info: ../paper/paper.pdf, page5 used on input line 54.
(pdftex.def)             Requested size: 614.58406pt x 795.3441pt.
File: ../paper/paper.pdf Graphic file (type pdf)
 <use ../paper/paper.pdf, page 5>
Package pdftex.def Info: ../paper/paper.pdf, page5 used on input line 54.
(pdftex.def)             Requested size: 614.58406pt x 795.3441pt.
File: ../paper/paper.pdf Graphic file (type pdf)

<use ../paper/paper.pdf, page 5>
Package pdftex.def Info: ../paper/paper.pdf, page5 used on input line 54.
(pdftex.def)             Requested size: 614.58406pt x 795.3441pt.
 [8 <../paper/paper.pdf>]
<../paper/paper.pdf, id=151, page=6, 614.295pt x 794.97pt>
File: ../paper/paper.pdf Graphic file (type pdf)

<use ../paper/paper.pdf, page 6>
Package pdftex.def Info: ../paper/paper.pdf, page6 used on input line 54.
(pdftex.def)             Requested size: 614.58406pt x 795.3441pt.
File: ../paper/paper.pdf Graphic file (type pdf)
 <use ../paper/paper.pdf, page 6>
Package pdftex.def Info: ../paper/paper.pdf, page6 used on input line 54.
(pdftex.def)             Requested size: 614.58406pt x 795.3441pt.
File: ../paper/paper.pdf Graphic file (type pdf)

<use ../paper/paper.pdf, page 6>
Package pdftex.def Info: ../paper/paper.pdf, page6 used on input line 54.
(pdftex.def)             Requested size: 614.58406pt x 795.3441pt.
 [9 <../paper/paper.pdf>]
<../paper/paper.pdf, id=166, page=7, 614.295pt x 794.97pt>
File: ../paper/paper.pdf Graphic file (type pdf)

<use ../paper/paper.pdf, page 7>
Package pdftex.def Info: ../paper/paper.pdf, page7 used on input line 54.
(pdftex.def)             Requested size: 614.58406pt x 795.3441pt.
File: ../paper/paper.pdf Graphic file (type pdf)
 <use ../paper/paper.pdf, page 7>
Package pdftex.def Info: ../paper/paper.pdf, page7 used on input line 54.
(pdftex.def)             Requested size: 614.58406pt x 795.3441pt.
File: ../paper/paper.pdf Graphic file (type pdf)

<use ../paper/paper.pdf, page 7>
Package pdftex.def Info: ../paper/paper.pdf, page7 used on input line 54.
(pdftex.def)             Requested size: 614.58406pt x 795.3441pt.
 [10 <../paper/paper.pdf>]
<../paper/paper.pdf, id=172, page=8, 614.295pt x 794.97pt>
File: ../paper/paper.pdf Graphic file (type pdf)

<use ../paper/paper.pdf, page 8>
Package pdftex.def Info: ../paper/paper.pdf, page8 used on input line 54.
(pdftex.def)             Requested size: 614.58406pt x 795.3441pt.
File: ../paper/paper.pdf Graphic file (type pdf)
 <use ../paper/paper.pdf, page 8>
Package pdftex.def Info: ../paper/paper.pdf, page8 used on input line 54.
(pdftex.def)             Requested size: 614.58406pt x 795.3441pt.
File: ../paper/paper.pdf Graphic file (type pdf)

<use ../paper/paper.pdf, page 8>
Package pdftex.def Info: ../paper/paper.pdf, page8 used on input line 54.
(pdftex.def)             Requested size: 614.58406pt x 795.3441pt.
 [11 <../paper/paper.pdf>]
<../paper/paper.pdf, id=177, page=9, 614.295pt x 794.97pt>
File: ../paper/paper.pdf Graphic file (type pdf)

<use ../paper/paper.pdf, page 9>
Package pdftex.def Info: ../paper/paper.pdf, page9 used on input line 54.
(pdftex.def)             Requested size: 614.58406pt x 795.3441pt.
File: ../paper/paper.pdf Graphic file (type pdf)
 <use ../paper/paper.pdf, page 9>
Package pdftex.def Info: ../paper/paper.pdf, page9 used on input line 54.
(pdftex.def)             Requested size: 614.58406pt x 795.3441pt.
File: ../paper/paper.pdf Graphic file (type pdf)

<use ../paper/paper.pdf, page 9>
Package pdftex.def Info: ../paper/paper.pdf, page9 used on input line 54.
(pdftex.def)             Requested size: 614.58406pt x 795.3441pt.
 [12 <../paper/paper.pdf>]
<../paper/paper.pdf, id=182, page=10, 614.295pt x 794.97pt>
File: ../paper/paper.pdf Graphic file (type pdf)

<use ../paper/paper.pdf, page 10>
Package pdftex.def Info: ../paper/paper.pdf, page10 used on input line 54.
(pdftex.def)             Requested size: 614.58406pt x 795.3441pt.
File: ../paper/paper.pdf Graphic file (type pdf)
 <use ../paper/paper.pdf, page 10>
Package pdftex.def Info: ../paper/paper.pdf, page10 used on input line 54.
(pdftex.def)             Requested size: 614.58406pt x 795.3441pt.
File: ../paper/paper.pdf Graphic file (type pdf)

<use ../paper/paper.pdf, page 10>
Package pdftex.def Info: ../paper/paper.pdf, page10 used on input line 54.
(pdftex.def)             Requested size: 614.58406pt x 795.3441pt.
 [13 <../paper/paper.pdf>]
<../paper/paper.pdf, id=188, page=11, 614.295pt x 794.97pt>
File: ../paper/paper.pdf Graphic file (type pdf)

<use ../paper/paper.pdf, page 11>
Package pdftex.def Info: ../paper/paper.pdf, page11 used on input line 54.
(pdftex.def)             Requested size: 614.58406pt x 795.3441pt.
File: ../paper/paper.pdf Graphic file (type pdf)
 <use ../paper/paper.pdf, page 11>
Package pdftex.def Info: ../paper/paper.pdf, page11 used on input line 54.
(pdftex.def)             Requested size: 614.58406pt x 795.3441pt.
File: ../paper/paper.pdf Graphic file (type pdf)

<use ../paper/paper.pdf, page 11>
Package pdftex.def Info: ../paper/paper.pdf, page11 used on input line 54.
(pdftex.def)             Requested size: 614.58406pt x 795.3441pt.
 [14 <../paper/paper.pdf>]
<../paper/paper.pdf, id=193, page=12, 614.295pt x 794.97pt>
File: ../paper/paper.pdf Graphic file (type pdf)

<use ../paper/paper.pdf, page 12>
Package pdftex.def Info: ../paper/paper.pdf, page12 used on input line 54.
(pdftex.def)             Requested size: 614.58406pt x 795.3441pt.
File: ../paper/paper.pdf Graphic file (type pdf)
 <use ../paper/paper.pdf, page 12>
Package pdftex.def Info: ../paper/paper.pdf, page12 used on input line 54.
(pdftex.def)             Requested size: 614.58406pt x 795.3441pt.
File: ../paper/paper.pdf Graphic file (type pdf)

<use ../paper/paper.pdf, page 12>
Package pdftex.def Info: ../paper/paper.pdf, page12 used on input line 54.
(pdftex.def)             Requested size: 614.58406pt x 795.3441pt.
 [15 <../paper/paper.pdf>]
<../paper/paper.pdf, id=203, page=13, 614.295pt x 794.97pt>
File: ../paper/paper.pdf Graphic file (type pdf)

<use ../paper/paper.pdf, page 13>
Package pdftex.def Info: ../paper/paper.pdf, page13 used on input line 54.
(pdftex.def)             Requested size: 614.58406pt x 795.3441pt.
File: ../paper/paper.pdf Graphic file (type pdf)
 <use ../paper/paper.pdf, page 13>
Package pdftex.def Info: ../paper/paper.pdf, page13 used on input line 54.
(pdftex.def)             Requested size: 614.58406pt x 795.3441pt.
File: ../paper/paper.pdf Graphic file (type pdf)

<use ../paper/paper.pdf, page 13>
Package pdftex.def Info: ../paper/paper.pdf, page13 used on input line 54.
(pdftex.def)             Requested size: 614.58406pt x 795.3441pt.
 [16 <../paper/paper.pdf>] (./homework.tex)
[17] (./labs.tex)
Package atveryend Info: Empty hook `BeforeClearDocument' on input line 58.

Underfull \hbox (badness 10000) in paragraph at lines 5--58

 []

[18]
Package atveryend Info: Empty hook `AfterLastShipout' on input line 58.
 (./portfolio.aux)
Package atveryend Info: Executing hook `AtVeryEndDocument' on input line 58.
Package atveryend Info: Executing hook `AtEndAfterFileList' on input line 58.
Package rerunfilecheck Info: File `portfolio.out' has not changed.
(rerunfilecheck)             Checksum: 33007535FAAB04CB20AAE16FF18E0595;403.
 ) 
Here is how much of TeX's memory you used:
 17294 strings out of 493014
 299745 string characters out of 6133351
 393816 words of memory out of 5000000
 20609 multiletter control sequences out of 15000+600000
 9369 words of font info for 34 fonts, out of 8000000 for 9000
 1141 hyphenation exceptions out of 8191
 47i,18n,60p,10441b,450s stack positions out of 5000i,500n,10000p,200000b,80000s
</usr/local/texlive/2016/texmf-dist/fonts/type1/public/amsfonts/cm/cmbx10.pfb
></usr/local/texlive/2016/texmf-dist/fonts/type1/public/amsfonts/cm/cmbx12.pfb>
</usr/local/texlive/2016/texmf-dist/fonts/type1/public/amsfonts/cm/cmex10.pfb><
/usr/local/texlive/2016/texmf-dist/fonts/type1/public/amsfonts/cm/cmmi12.pfb></
usr/local/texlive/2016/texmf-dist/fonts/type1/public/amsfonts/cm/cmmi8.pfb></us
r/local/texlive/2016/texmf-dist/fonts/type1/public/amsfonts/cm/cmr10.pfb></usr/
local/texlive/2016/texmf-dist/fonts/type1/public/amsfonts/cm/cmr12.pfb></usr/lo
cal/texlive/2016/texmf-dist/fonts/type1/public/amsfonts/cm/cmr17.pfb></usr/loca
l/texlive/2016/texmf-dist/fonts/type1/public/amsfonts/cm/cmr6.pfb></usr/local/t
exlive/2016/texmf-dist/fonts/type1/public/amsfonts/cm/cmr8.pfb></usr/local/texl
ive/2016/texmf-dist/fonts/type1/public/amsfonts/cm/cmsy10.pfb></usr/local/texli
ve/2016/texmf-dist/fonts/type1/public/amsfonts/cm/cmti10.pfb></usr/local/texliv
e/2016/texmf-dist/fonts/type1/public/amsfonts/cm/cmti12.pfb></usr/local/texlive
/2016/texmf-dist/fonts/type1/public/amsfonts/cm/cmtt12.pfb>
Output written on portfolio.pdf (18 pages, 213585 bytes).
PDF statistics:
 249 PDF objects out of 1000 (max. 8388607)
 197 compressed objects within 2 object streams
 27 named destinations out of 1000 (max. 500000)
 137 words of extra memory for PDF output out of 10000 (max. 10000000)

